<?xml version="1.0" encoding="UTF-8"?>
<?totaltestVersion 19.4.3.v20190520-0929_924?>
<!--Topaz for Total Test 19.4.3.v20190520-0929_924 24 juin 2019 14:28:06-->
<testsuites>
  <testsuite errors="0" failures="0" name="Allianz.CWXTSUB2_Scenario.00001: CWXTSUB2Case1" tests="3">
    <testcase classname="Allianz.CWXTSUB2_Scenario.00001: CWXTSUB2Case1" name="00001: Check for EMP_TYPE"/>
    <testcase classname="Allianz.CWXTSUB2_Scenario.00001: CWXTSUB2Case1" name="00002: Check for SALES_AMOUNT"/>
    <testcase classname="Allianz.CWXTSUB2_Scenario.00001: CWXTSUB2Case1" name="00003: Check for COMM_TOTAL"/>
  </testsuite>
  <testsuite errors="0" failures="1" name="Allianz.CWXTSUB2_Scenario.00002: Cas3000" tests="2">
    <testcase classname="Allianz.CWXTSUB2_Scenario.00002: Cas3000" name="00001: Check for EMP_TYPE"/>
    <testcase classname="Allianz.CWXTSUB2_Scenario.00002: Cas3000" name="00002: Check for COMM_TOTAL">
      <failure>Check for COMM_TOTAL failed

Actual Value:    180.00

Expected Value:  = 200.00</failure>
    </testcase>
  </testsuite>
</testsuites>