<?xml version="1.0" encoding="UTF-8"?>
<?totaltestVersion 18.2.4.v20180102-2053_46?>
<!--Topaz for Total Test 18.2.4.v20180102-2053_46 17 janv. 2018 09:51:35-->
<testsuites>
  <testsuite errors="0" failures="1" name="Project: 'Axa1' Scenario: 'CWXTSUB2_Scenario' Testcase: 'CWXTSUB2Case1'" tests="1">
    <testcase classname="Project: 'Axa1' Scenario: 'CWXTSUB2_Scenario' Testcase: 'CWXTSUB2Case1'" name="Check for COMM_TOTAL">
      <failure>Check for COMM_TOTAL failed

Actual Value:    		110.60

Expected Value:  55.30</failure>
    </testcase>
  </testsuite>
  <testsuite errors="0" failures="1" name="Project: 'Axa1' Scenario: 'CWXTSUB2_Scenario' Testcase: 'AVL'" tests="1">
    <testcase classname="Project: 'Axa1' Scenario: 'CWXTSUB2_Scenario' Testcase: 'AVL'" name="Check for COMM_TOTAL">
      <failure>Check for COMM_TOTAL failed

Actual Value:    		120.00

Expected Value:  100</failure>
    </testcase>
  </testsuite>
</testsuites>