<?xml version="1.0" encoding="UTF-8"?>
<?totaltestVersion 19.3.2.v20190211-1724_163?>
<!--Topaz for Total Test 19.3.2.v20190211-1724_163 21 mars 2019 13:18:52-->
<testsuites>
  <testsuite errors="0" failures="0" name="BRED.CWXTSUB2_Scenario.00001: CWXTSUB2Case1" tests="3">
    <testcase classname="BRED.CWXTSUB2_Scenario.00001: CWXTSUB2Case1" name="00001: Check for EMP_TYPE"/>
    <testcase classname="BRED.CWXTSUB2_Scenario.00001: CWXTSUB2Case1" name="00002: Check for SALES_AMOUNT"/>
    <testcase classname="BRED.CWXTSUB2_Scenario.00001: CWXTSUB2Case1" name="00003: Check for COMM_TOTAL"/>
  </testsuite>
  <testsuite errors="0" failures="1" name="BRED.CWXTSUB2_Scenario.00002: CWXTSUB2Case2" tests="1">
    <testcase classname="BRED.CWXTSUB2_Scenario.00002: CWXTSUB2Case2" name="00001: Check for COMM_TOTAL">
      <failure>Check for COMM_TOTAL failed

Actual Value:    1.80

Expected Value:  = 500.00</failure>
    </testcase>
  </testsuite>
</testsuites>