<?xml version="1.0" encoding="UTF-8"?>
<?totaltestVersion 19.2.1.v20180920-0235_707?>
<!--Topaz for Total Test 19.2.1.v20180920-0235_707 31 oct. 2018 10:49:28-->
<testsuites>
  <testsuite errors="0" failures="0" name="D2.CWXTCOB23_Scenario.00001: CWXTCOB2Case1" tests="0"/>
  <testsuite errors="0" failures="0" name="D2.CWXTCOB23_Scenario.00001: CWXTCOB2Case1.CWXTCOB2_RPTFILE_WRITE_03.00001: RPTFILE assertion" tests="1">
    <testcase classname="D2.CWXTCOB23_Scenario.00001: CWXTCOB2Case1.CWXTCOB2_RPTFILE_WRITE_03.00001: RPTFILE assertion" name="00001: Check for ERROR_LINE"/>
  </testsuite>
  <testsuite errors="0" failures="0" name="D2.CWXTCOB23_Scenario.00001: CWXTCOB2Case1.CWXTCOB2_RPTFILE_WRITE_03.00002: RPTFILE assertion" tests="2">
    <testcase classname="D2.CWXTCOB23_Scenario.00001: CWXTCOB2Case1.CWXTCOB2_RPTFILE_WRITE_03.00002: RPTFILE assertion" name="00001: Check for BLANK_LINE"/>
  </testsuite>
  <testsuite errors="0" failures="0" name="D2.CWXTCOB23_Scenario.00001: CWXTCOB2Case1.CWXTCOB2_RPTFILE_WRITE_03.00003: RPTFILE assertion" tests="3">
    <testcase classname="D2.CWXTCOB23_Scenario.00001: CWXTCOB2Case1.CWXTCOB2_RPTFILE_WRITE_03.00003: RPTFILE assertion" name="00001: Check for BLANK_LINE"/>
  </testsuite>
  <testsuite errors="0" failures="0" name="D2.CWXTCOB23_Scenario.00001: CWXTCOB2Case1.CWXTCOB2_RPTFILE_WRITE_03.00004: RPTFILE assertion" tests="4">
    <testcase classname="D2.CWXTCOB23_Scenario.00001: CWXTCOB2Case1.CWXTCOB2_RPTFILE_WRITE_03.00004: RPTFILE assertion" name="00001: Check for BLANK_LINE"/>
  </testsuite>
  <testsuite errors="0" failures="0" name="D2.CWXTCOB23_Scenario.00001: CWXTCOB2Case1.CWXTCOB2_RPTFILE_WRITE_03.00005: RPTFILE assertion" tests="16">
    <testcase classname="D2.CWXTCOB23_Scenario.00001: CWXTCOB2Case1.CWXTCOB2_RPTFILE_WRITE_03.00005: RPTFILE assertion" name="00001: Check for FILLER0"/>
    <testcase classname="D2.CWXTCOB23_Scenario.00001: CWXTCOB2Case1.CWXTCOB2_RPTFILE_WRITE_03.00005: RPTFILE assertion" name="00002: Check for FILLER1"/>
    <testcase classname="D2.CWXTCOB23_Scenario.00001: CWXTCOB2Case1.CWXTCOB2_RPTFILE_WRITE_03.00005: RPTFILE assertion" name="00003: Check for EMP_RUN_MM"/>
    <testcase classname="D2.CWXTCOB23_Scenario.00001: CWXTCOB2Case1.CWXTCOB2_RPTFILE_WRITE_03.00005: RPTFILE assertion" name="00004: Check for FILLER2"/>
    <testcase classname="D2.CWXTCOB23_Scenario.00001: CWXTCOB2Case1.CWXTCOB2_RPTFILE_WRITE_03.00005: RPTFILE assertion" name="00005: Check for EMP_RUN_DD"/>
    <testcase classname="D2.CWXTCOB23_Scenario.00001: CWXTCOB2Case1.CWXTCOB2_RPTFILE_WRITE_03.00005: RPTFILE assertion" name="00006: Check for FILLER3"/>
    <testcase classname="D2.CWXTCOB23_Scenario.00001: CWXTCOB2Case1.CWXTCOB2_RPTFILE_WRITE_03.00005: RPTFILE assertion" name="00007: Check for EMP_RUN_YY"/>
    <testcase classname="D2.CWXTCOB23_Scenario.00001: CWXTCOB2Case1.CWXTCOB2_RPTFILE_WRITE_03.00005: RPTFILE assertion" name="00008: Check for FILLER4"/>
    <testcase classname="D2.CWXTCOB23_Scenario.00001: CWXTCOB2Case1.CWXTCOB2_RPTFILE_WRITE_03.00005: RPTFILE assertion" name="00009: Check for FILLER5"/>
    <testcase classname="D2.CWXTCOB23_Scenario.00001: CWXTCOB2Case1.CWXTCOB2_RPTFILE_WRITE_03.00005: RPTFILE assertion" name="00010: Check for FILLER6"/>
    <testcase classname="D2.CWXTCOB23_Scenario.00001: CWXTCOB2Case1.CWXTCOB2_RPTFILE_WRITE_03.00005: RPTFILE assertion" name="00011: Check for FILLER7"/>
    <testcase classname="D2.CWXTCOB23_Scenario.00001: CWXTCOB2Case1.CWXTCOB2_RPTFILE_WRITE_03.00005: RPTFILE assertion" name="00012: Check for EMP_PAGE"/>
  </testsuite>
  <testsuite errors="0" failures="0" name="D2.CWXTCOB23_Scenario.00001: CWXTCOB2Case1.CWXTCOB2_RPTFILE_WRITE_03.00006: RPTFILE assertion" tests="17">
    <testcase classname="D2.CWXTCOB23_Scenario.00001: CWXTCOB2Case1.CWXTCOB2_RPTFILE_WRITE_03.00006: RPTFILE assertion" name="00001: Check for BLANK_LINE"/>
  </testsuite>
  <testsuite errors="0" failures="0" name="D2.CWXTCOB23_Scenario.00001: CWXTCOB2Case1.CWXTCOB2_RPTFILE_WRITE_03.00007: RPTFILE assertion" tests="18">
    <testcase classname="D2.CWXTCOB23_Scenario.00001: CWXTCOB2Case1.CWXTCOB2_RPTFILE_WRITE_03.00007: RPTFILE assertion" name="00001: Check for BLANK_LINE"/>
  </testsuite>
  <testsuite errors="0" failures="0" name="D2.CWXTCOB23_Scenario.00001: CWXTCOB2Case1.CWXTCOB2_RPTFILE_WRITE_03.00008: RPTFILE assertion" tests="23">
    <testcase classname="D2.CWXTCOB23_Scenario.00001: CWXTCOB2Case1.CWXTCOB2_RPTFILE_WRITE_03.00008: RPTFILE assertion" name="00001: Check for FILLER0"/>
    <testcase classname="D2.CWXTCOB23_Scenario.00001: CWXTCOB2Case1.CWXTCOB2_RPTFILE_WRITE_03.00008: RPTFILE assertion" name="00002: Check for FILLER1"/>
    <testcase classname="D2.CWXTCOB23_Scenario.00001: CWXTCOB2Case1.CWXTCOB2_RPTFILE_WRITE_03.00008: RPTFILE assertion" name="00003: Check for FILLER2"/>
    <testcase classname="D2.CWXTCOB23_Scenario.00001: CWXTCOB2Case1.CWXTCOB2_RPTFILE_WRITE_03.00008: RPTFILE assertion" name="00004: Check for FILLER3"/>
    <testcase classname="D2.CWXTCOB23_Scenario.00001: CWXTCOB2Case1.CWXTCOB2_RPTFILE_WRITE_03.00008: RPTFILE assertion" name="00005: Check for FILLER4"/>
  </testsuite>
  <testsuite errors="0" failures="0" name="D2.CWXTCOB23_Scenario.00001: CWXTCOB2Case1.CWXTCOB2_RPTFILE_WRITE_03.00009: RPTFILE assertion" tests="41">
    <testcase classname="D2.CWXTCOB23_Scenario.00001: CWXTCOB2Case1.CWXTCOB2_RPTFILE_WRITE_03.00009: RPTFILE assertion" name="00001: Check for FILLER0"/>
    <testcase classname="D2.CWXTCOB23_Scenario.00001: CWXTCOB2Case1.CWXTCOB2_RPTFILE_WRITE_03.00009: RPTFILE assertion" name="00002: Check for FILLER1"/>
    <testcase classname="D2.CWXTCOB23_Scenario.00001: CWXTCOB2Case1.CWXTCOB2_RPTFILE_WRITE_03.00009: RPTFILE assertion" name="00003: Check for FILLER2"/>
    <testcase classname="D2.CWXTCOB23_Scenario.00001: CWXTCOB2Case1.CWXTCOB2_RPTFILE_WRITE_03.00009: RPTFILE assertion" name="00004: Check for FILLER3"/>
    <testcase classname="D2.CWXTCOB23_Scenario.00001: CWXTCOB2Case1.CWXTCOB2_RPTFILE_WRITE_03.00009: RPTFILE assertion" name="00005: Check for FILLER4"/>
    <testcase classname="D2.CWXTCOB23_Scenario.00001: CWXTCOB2Case1.CWXTCOB2_RPTFILE_WRITE_03.00009: RPTFILE assertion" name="00006: Check for FILLER5"/>
    <testcase classname="D2.CWXTCOB23_Scenario.00001: CWXTCOB2Case1.CWXTCOB2_RPTFILE_WRITE_03.00009: RPTFILE assertion" name="00007: Check for FILLER6"/>
    <testcase classname="D2.CWXTCOB23_Scenario.00001: CWXTCOB2Case1.CWXTCOB2_RPTFILE_WRITE_03.00009: RPTFILE assertion" name="00008: Check for FILLER7"/>
    <testcase classname="D2.CWXTCOB23_Scenario.00001: CWXTCOB2Case1.CWXTCOB2_RPTFILE_WRITE_03.00009: RPTFILE assertion" name="00009: Check for FILLER8"/>
    <testcase classname="D2.CWXTCOB23_Scenario.00001: CWXTCOB2Case1.CWXTCOB2_RPTFILE_WRITE_03.00009: RPTFILE assertion" name="00010: Check for FILLER9"/>
    <testcase classname="D2.CWXTCOB23_Scenario.00001: CWXTCOB2Case1.CWXTCOB2_RPTFILE_WRITE_03.00009: RPTFILE assertion" name="00011: Check for FILLER10"/>
    <testcase classname="D2.CWXTCOB23_Scenario.00001: CWXTCOB2Case1.CWXTCOB2_RPTFILE_WRITE_03.00009: RPTFILE assertion" name="00012: Check for FILLER11"/>
    <testcase classname="D2.CWXTCOB23_Scenario.00001: CWXTCOB2Case1.CWXTCOB2_RPTFILE_WRITE_03.00009: RPTFILE assertion" name="00013: Check for FILLER12"/>
    <testcase classname="D2.CWXTCOB23_Scenario.00001: CWXTCOB2Case1.CWXTCOB2_RPTFILE_WRITE_03.00009: RPTFILE assertion" name="00014: Check for FILLER13"/>
    <testcase classname="D2.CWXTCOB23_Scenario.00001: CWXTCOB2Case1.CWXTCOB2_RPTFILE_WRITE_03.00009: RPTFILE assertion" name="00015: Check for FILLER14"/>
    <testcase classname="D2.CWXTCOB23_Scenario.00001: CWXTCOB2Case1.CWXTCOB2_RPTFILE_WRITE_03.00009: RPTFILE assertion" name="00016: Check for FILLER15"/>
    <testcase classname="D2.CWXTCOB23_Scenario.00001: CWXTCOB2Case1.CWXTCOB2_RPTFILE_WRITE_03.00009: RPTFILE assertion" name="00017: Check for FILLER16"/>
    <testcase classname="D2.CWXTCOB23_Scenario.00001: CWXTCOB2Case1.CWXTCOB2_RPTFILE_WRITE_03.00009: RPTFILE assertion" name="00018: Check for FILLER17"/>
  </testsuite>
  <testsuite errors="0" failures="0" name="D2.CWXTCOB23_Scenario.00001: CWXTCOB2Case1.CWXTCOB2_RPTFILE_WRITE_03.00010: RPTFILE assertion" tests="42">
    <testcase classname="D2.CWXTCOB23_Scenario.00001: CWXTCOB2Case1.CWXTCOB2_RPTFILE_WRITE_03.00010: RPTFILE assertion" name="00001: Check for BLANK_LINE"/>
  </testsuite>
  <testsuite errors="0" failures="0" name="D2.CWXTCOB23_Scenario.00001: CWXTCOB2Case1.CWXTCOB2_RPTFILE_WRITE_03.00011: RPTFILE assertion" tests="64">
    <testcase classname="D2.CWXTCOB23_Scenario.00001: CWXTCOB2Case1.CWXTCOB2_RPTFILE_WRITE_03.00011: RPTFILE assertion" name="00001: Check for FILLER0"/>
    <testcase classname="D2.CWXTCOB23_Scenario.00001: CWXTCOB2Case1.CWXTCOB2_RPTFILE_WRITE_03.00011: RPTFILE assertion" name="00002: Check for EMP_DTL_NAME"/>
    <testcase classname="D2.CWXTCOB23_Scenario.00001: CWXTCOB2Case1.CWXTCOB2_RPTFILE_WRITE_03.00011: RPTFILE assertion" name="00003: Check for FILLER1"/>
    <testcase classname="D2.CWXTCOB23_Scenario.00001: CWXTCOB2Case1.CWXTCOB2_RPTFILE_WRITE_03.00011: RPTFILE assertion" name="00004: Check for EMP_DTL_REGION"/>
    <testcase classname="D2.CWXTCOB23_Scenario.00001: CWXTCOB2Case1.CWXTCOB2_RPTFILE_WRITE_03.00011: RPTFILE assertion" name="00005: Check for FILLER2"/>
    <testcase classname="D2.CWXTCOB23_Scenario.00001: CWXTCOB2Case1.CWXTCOB2_RPTFILE_WRITE_03.00011: RPTFILE assertion" name="00006: Check for EMP_DTL_TYPE"/>
    <testcase classname="D2.CWXTCOB23_Scenario.00001: CWXTCOB2Case1.CWXTCOB2_RPTFILE_WRITE_03.00011: RPTFILE assertion" name="00007: Check for FILLER3"/>
    <testcase classname="D2.CWXTCOB23_Scenario.00001: CWXTCOB2Case1.CWXTCOB2_RPTFILE_WRITE_03.00011: RPTFILE assertion" name="00008: Check for EMP_DTL_HIRE_MM"/>
    <testcase classname="D2.CWXTCOB23_Scenario.00001: CWXTCOB2Case1.CWXTCOB2_RPTFILE_WRITE_03.00011: RPTFILE assertion" name="00009: Check for EMP_DTL_SLASH1"/>
    <testcase classname="D2.CWXTCOB23_Scenario.00001: CWXTCOB2Case1.CWXTCOB2_RPTFILE_WRITE_03.00011: RPTFILE assertion" name="00010: Check for EMP_DTL_HIRE_DD"/>
    <testcase classname="D2.CWXTCOB23_Scenario.00001: CWXTCOB2Case1.CWXTCOB2_RPTFILE_WRITE_03.00011: RPTFILE assertion" name="00011: Check for EMP_DTL_SLASH2"/>
    <testcase classname="D2.CWXTCOB23_Scenario.00001: CWXTCOB2Case1.CWXTCOB2_RPTFILE_WRITE_03.00011: RPTFILE assertion" name="00012: Check for EMP_DTL_HIRE_YY"/>
    <testcase classname="D2.CWXTCOB23_Scenario.00001: CWXTCOB2Case1.CWXTCOB2_RPTFILE_WRITE_03.00011: RPTFILE assertion" name="00013: Check for FILLER4"/>
    <testcase classname="D2.CWXTCOB23_Scenario.00001: CWXTCOB2Case1.CWXTCOB2_RPTFILE_WRITE_03.00011: RPTFILE assertion" name="00014: Check for EMP_DTL_YRS_OF_SERVICE"/>
    <testcase classname="D2.CWXTCOB23_Scenario.00001: CWXTCOB2Case1.CWXTCOB2_RPTFILE_WRITE_03.00011: RPTFILE assertion" name="00015: Check for FILLER5"/>
    <testcase classname="D2.CWXTCOB23_Scenario.00001: CWXTCOB2Case1.CWXTCOB2_RPTFILE_WRITE_03.00011: RPTFILE assertion" name="00016: Check for EMP_DTL_WAGES"/>
    <testcase classname="D2.CWXTCOB23_Scenario.00001: CWXTCOB2Case1.CWXTCOB2_RPTFILE_WRITE_03.00011: RPTFILE assertion" name="00017: Check for FILLER6"/>
    <testcase classname="D2.CWXTCOB23_Scenario.00001: CWXTCOB2Case1.CWXTCOB2_RPTFILE_WRITE_03.00011: RPTFILE assertion" name="00018: Check for EMP_DTL_OT"/>
    <testcase classname="D2.CWXTCOB23_Scenario.00001: CWXTCOB2Case1.CWXTCOB2_RPTFILE_WRITE_03.00011: RPTFILE assertion" name="00019: Check for FILLER7"/>
    <testcase classname="D2.CWXTCOB23_Scenario.00001: CWXTCOB2Case1.CWXTCOB2_RPTFILE_WRITE_03.00011: RPTFILE assertion" name="00020: Check for EMP_DTL_COMM"/>
    <testcase classname="D2.CWXTCOB23_Scenario.00001: CWXTCOB2Case1.CWXTCOB2_RPTFILE_WRITE_03.00011: RPTFILE assertion" name="00021: Check for FILLER8"/>
    <testcase classname="D2.CWXTCOB23_Scenario.00001: CWXTCOB2Case1.CWXTCOB2_RPTFILE_WRITE_03.00011: RPTFILE assertion" name="00022: Check for EMP_DTL_TOTAL"/>
  </testsuite>
  <testsuite errors="0" failures="0" name="D2.CWXTCOB23_Scenario.00001: CWXTCOB2Case1.CWXTCOB2_RPTFILE_WRITE_03.00012: RPTFILE assertion" tests="86">
    <testcase classname="D2.CWXTCOB23_Scenario.00001: CWXTCOB2Case1.CWXTCOB2_RPTFILE_WRITE_03.00012: RPTFILE assertion" name="00001: Check for FILLER0"/>
    <testcase classname="D2.CWXTCOB23_Scenario.00001: CWXTCOB2Case1.CWXTCOB2_RPTFILE_WRITE_03.00012: RPTFILE assertion" name="00002: Check for EMP_DTL_NAME"/>
    <testcase classname="D2.CWXTCOB23_Scenario.00001: CWXTCOB2Case1.CWXTCOB2_RPTFILE_WRITE_03.00012: RPTFILE assertion" name="00003: Check for FILLER1"/>
    <testcase classname="D2.CWXTCOB23_Scenario.00001: CWXTCOB2Case1.CWXTCOB2_RPTFILE_WRITE_03.00012: RPTFILE assertion" name="00004: Check for EMP_DTL_REGION"/>
    <testcase classname="D2.CWXTCOB23_Scenario.00001: CWXTCOB2Case1.CWXTCOB2_RPTFILE_WRITE_03.00012: RPTFILE assertion" name="00005: Check for FILLER2"/>
    <testcase classname="D2.CWXTCOB23_Scenario.00001: CWXTCOB2Case1.CWXTCOB2_RPTFILE_WRITE_03.00012: RPTFILE assertion" name="00006: Check for EMP_DTL_TYPE"/>
    <testcase classname="D2.CWXTCOB23_Scenario.00001: CWXTCOB2Case1.CWXTCOB2_RPTFILE_WRITE_03.00012: RPTFILE assertion" name="00007: Check for FILLER3"/>
    <testcase classname="D2.CWXTCOB23_Scenario.00001: CWXTCOB2Case1.CWXTCOB2_RPTFILE_WRITE_03.00012: RPTFILE assertion" name="00008: Check for EMP_DTL_HIRE_MM"/>
    <testcase classname="D2.CWXTCOB23_Scenario.00001: CWXTCOB2Case1.CWXTCOB2_RPTFILE_WRITE_03.00012: RPTFILE assertion" name="00009: Check for EMP_DTL_SLASH1"/>
    <testcase classname="D2.CWXTCOB23_Scenario.00001: CWXTCOB2Case1.CWXTCOB2_RPTFILE_WRITE_03.00012: RPTFILE assertion" name="00010: Check for EMP_DTL_HIRE_DD"/>
    <testcase classname="D2.CWXTCOB23_Scenario.00001: CWXTCOB2Case1.CWXTCOB2_RPTFILE_WRITE_03.00012: RPTFILE assertion" name="00011: Check for EMP_DTL_SLASH2"/>
    <testcase classname="D2.CWXTCOB23_Scenario.00001: CWXTCOB2Case1.CWXTCOB2_RPTFILE_WRITE_03.00012: RPTFILE assertion" name="00012: Check for EMP_DTL_HIRE_YY"/>
    <testcase classname="D2.CWXTCOB23_Scenario.00001: CWXTCOB2Case1.CWXTCOB2_RPTFILE_WRITE_03.00012: RPTFILE assertion" name="00013: Check for FILLER4"/>
    <testcase classname="D2.CWXTCOB23_Scenario.00001: CWXTCOB2Case1.CWXTCOB2_RPTFILE_WRITE_03.00012: RPTFILE assertion" name="00014: Check for EMP_DTL_YRS_OF_SERVICE"/>
    <testcase classname="D2.CWXTCOB23_Scenario.00001: CWXTCOB2Case1.CWXTCOB2_RPTFILE_WRITE_03.00012: RPTFILE assertion" name="00015: Check for FILLER5"/>
    <testcase classname="D2.CWXTCOB23_Scenario.00001: CWXTCOB2Case1.CWXTCOB2_RPTFILE_WRITE_03.00012: RPTFILE assertion" name="00016: Check for EMP_DTL_WAGES"/>
    <testcase classname="D2.CWXTCOB23_Scenario.00001: CWXTCOB2Case1.CWXTCOB2_RPTFILE_WRITE_03.00012: RPTFILE assertion" name="00017: Check for FILLER6"/>
    <testcase classname="D2.CWXTCOB23_Scenario.00001: CWXTCOB2Case1.CWXTCOB2_RPTFILE_WRITE_03.00012: RPTFILE assertion" name="00018: Check for EMP_DTL_OT"/>
    <testcase classname="D2.CWXTCOB23_Scenario.00001: CWXTCOB2Case1.CWXTCOB2_RPTFILE_WRITE_03.00012: RPTFILE assertion" name="00019: Check for FILLER7"/>
    <testcase classname="D2.CWXTCOB23_Scenario.00001: CWXTCOB2Case1.CWXTCOB2_RPTFILE_WRITE_03.00012: RPTFILE assertion" name="00020: Check for EMP_DTL_COMM"/>
    <testcase classname="D2.CWXTCOB23_Scenario.00001: CWXTCOB2Case1.CWXTCOB2_RPTFILE_WRITE_03.00012: RPTFILE assertion" name="00021: Check for FILLER8"/>
    <testcase classname="D2.CWXTCOB23_Scenario.00001: CWXTCOB2Case1.CWXTCOB2_RPTFILE_WRITE_03.00012: RPTFILE assertion" name="00022: Check for EMP_DTL_TOTAL"/>
  </testsuite>
  <testsuite errors="0" failures="0" name="D2.CWXTCOB23_Scenario.00001: CWXTCOB2Case1.CWXTCOB2_RPTFILE_WRITE_03.00013: RPTFILE assertion" tests="87">
    <testcase classname="D2.CWXTCOB23_Scenario.00001: CWXTCOB2Case1.CWXTCOB2_RPTFILE_WRITE_03.00013: RPTFILE assertion" name="00001: Check for BLANK_LINE"/>
  </testsuite>
  <testsuite errors="0" failures="0" name="D2.CWXTCOB23_Scenario.00001: CWXTCOB2Case1.CWXTCOB2_RPTFILE_WRITE_03.00014: RPTFILE assertion" tests="91">
    <testcase classname="D2.CWXTCOB23_Scenario.00001: CWXTCOB2Case1.CWXTCOB2_RPTFILE_WRITE_03.00014: RPTFILE assertion" name="00001: Check for FILLER0"/>
    <testcase classname="D2.CWXTCOB23_Scenario.00001: CWXTCOB2Case1.CWXTCOB2_RPTFILE_WRITE_03.00014: RPTFILE assertion" name="00002: Check for FILLER1"/>
    <testcase classname="D2.CWXTCOB23_Scenario.00001: CWXTCOB2Case1.CWXTCOB2_RPTFILE_WRITE_03.00014: RPTFILE assertion" name="00003: Check for FILLER2"/>
    <testcase classname="D2.CWXTCOB23_Scenario.00001: CWXTCOB2Case1.CWXTCOB2_RPTFILE_WRITE_03.00014: RPTFILE assertion" name="00004: Check for EMP_GRAND_TOTAL"/>
  </testsuite>
  <testsuite errors="0" failures="0" name="D2.CWXTCOB23_Scenario.00001: CWXTCOB2Case1.CWXTCOB2_RPTFILE_WRITE_03.00015: RPTFILE assertion" tests="92">
    <testcase classname="D2.CWXTCOB23_Scenario.00001: CWXTCOB2Case1.CWXTCOB2_RPTFILE_WRITE_03.00015: RPTFILE assertion" name="00001: Check for BLANK_LINE"/>
  </testsuite>
  <testsuite errors="0" failures="0" name="D2.CWXTCOB23_Scenario.00001: CWXTCOB2Case1.CWXTCOB2_RPTFILE_WRITE_03.00016: RPTFILE assertion" tests="93">
    <testcase classname="D2.CWXTCOB23_Scenario.00001: CWXTCOB2Case1.CWXTCOB2_RPTFILE_WRITE_03.00016: RPTFILE assertion" name="00001: Check for BLANK_LINE"/>
  </testsuite>
  <testsuite errors="0" failures="0" name="D2.CWXTCOB23_Scenario.00001: CWXTCOB2Case1.CWXTCOB2_RPTFILE_WRITE_03.00017: RPTFILE assertion" tests="94">
    <testcase classname="D2.CWXTCOB23_Scenario.00001: CWXTCOB2Case1.CWXTCOB2_RPTFILE_WRITE_03.00017: RPTFILE assertion" name="00001: Check for BLANK_LINE"/>
  </testsuite>
  <testsuite errors="0" failures="0" name="D2.CWXTCOB23_Scenario.00001: CWXTCOB2Case1.CWXTCOB2_RPTFILE_WRITE_03.00018: RPTFILE assertion" tests="95">
    <testcase classname="D2.CWXTCOB23_Scenario.00001: CWXTCOB2Case1.CWXTCOB2_RPTFILE_WRITE_03.00018: RPTFILE assertion" name="00001: Check for BLANK_LINE"/>
  </testsuite>
  <testsuite errors="0" failures="0" name="D2.CWXTCOB23_Scenario.00001: CWXTCOB2Case1.CWXTCOB2_RPTFILE_WRITE_03.00019: RPTFILE assertion" tests="96">
    <testcase classname="D2.CWXTCOB23_Scenario.00001: CWXTCOB2Case1.CWXTCOB2_RPTFILE_WRITE_03.00019: RPTFILE assertion" name="00001: Check for BLANK_LINE"/>
  </testsuite>
  <testsuite errors="0" failures="0" name="D2.CWXTCOB23_Scenario.00001: CWXTCOB2Case1.CWXTCOB2_RPTFILE_WRITE_03.00020: RPTFILE assertion" tests="108">
    <testcase classname="D2.CWXTCOB23_Scenario.00001: CWXTCOB2Case1.CWXTCOB2_RPTFILE_WRITE_03.00020: RPTFILE assertion" name="00001: Check for FILLER0"/>
    <testcase classname="D2.CWXTCOB23_Scenario.00001: CWXTCOB2Case1.CWXTCOB2_RPTFILE_WRITE_03.00020: RPTFILE assertion" name="00002: Check for FILLER1"/>
    <testcase classname="D2.CWXTCOB23_Scenario.00001: CWXTCOB2Case1.CWXTCOB2_RPTFILE_WRITE_03.00020: RPTFILE assertion" name="00003: Check for REG_RUN_MONTH"/>
    <testcase classname="D2.CWXTCOB23_Scenario.00001: CWXTCOB2Case1.CWXTCOB2_RPTFILE_WRITE_03.00020: RPTFILE assertion" name="00004: Check for FILLER2"/>
    <testcase classname="D2.CWXTCOB23_Scenario.00001: CWXTCOB2Case1.CWXTCOB2_RPTFILE_WRITE_03.00020: RPTFILE assertion" name="00005: Check for REG_RUN_DAY"/>
    <testcase classname="D2.CWXTCOB23_Scenario.00001: CWXTCOB2Case1.CWXTCOB2_RPTFILE_WRITE_03.00020: RPTFILE assertion" name="00006: Check for FILLER3"/>
    <testcase classname="D2.CWXTCOB23_Scenario.00001: CWXTCOB2Case1.CWXTCOB2_RPTFILE_WRITE_03.00020: RPTFILE assertion" name="00007: Check for REG_RUN_YEAR"/>
    <testcase classname="D2.CWXTCOB23_Scenario.00001: CWXTCOB2Case1.CWXTCOB2_RPTFILE_WRITE_03.00020: RPTFILE assertion" name="00008: Check for FILLER4"/>
    <testcase classname="D2.CWXTCOB23_Scenario.00001: CWXTCOB2Case1.CWXTCOB2_RPTFILE_WRITE_03.00020: RPTFILE assertion" name="00009: Check for FILLER5"/>
    <testcase classname="D2.CWXTCOB23_Scenario.00001: CWXTCOB2Case1.CWXTCOB2_RPTFILE_WRITE_03.00020: RPTFILE assertion" name="00010: Check for FILLER6"/>
    <testcase classname="D2.CWXTCOB23_Scenario.00001: CWXTCOB2Case1.CWXTCOB2_RPTFILE_WRITE_03.00020: RPTFILE assertion" name="00011: Check for FILLER7"/>
    <testcase classname="D2.CWXTCOB23_Scenario.00001: CWXTCOB2Case1.CWXTCOB2_RPTFILE_WRITE_03.00020: RPTFILE assertion" name="00012: Check for REG_PAGE"/>
  </testsuite>
  <testsuite errors="0" failures="0" name="D2.CWXTCOB23_Scenario.00001: CWXTCOB2Case1.CWXTCOB2_RPTFILE_WRITE_03.00021: RPTFILE assertion" tests="109">
    <testcase classname="D2.CWXTCOB23_Scenario.00001: CWXTCOB2Case1.CWXTCOB2_RPTFILE_WRITE_03.00021: RPTFILE assertion" name="00001: Check for BLANK_LINE"/>
  </testsuite>
  <testsuite errors="0" failures="0" name="D2.CWXTCOB23_Scenario.00001: CWXTCOB2Case1.CWXTCOB2_RPTFILE_WRITE_03.00022: RPTFILE assertion" tests="110">
    <testcase classname="D2.CWXTCOB23_Scenario.00001: CWXTCOB2Case1.CWXTCOB2_RPTFILE_WRITE_03.00022: RPTFILE assertion" name="00001: Check for BLANK_LINE"/>
  </testsuite>
  <testsuite errors="0" failures="0" name="D2.CWXTCOB23_Scenario.00001: CWXTCOB2Case1.CWXTCOB2_RPTFILE_WRITE_03.00023: RPTFILE assertion" tests="123">
    <testcase classname="D2.CWXTCOB23_Scenario.00001: CWXTCOB2Case1.CWXTCOB2_RPTFILE_WRITE_03.00023: RPTFILE assertion" name="00001: Check for FILLER0"/>
    <testcase classname="D2.CWXTCOB23_Scenario.00001: CWXTCOB2Case1.CWXTCOB2_RPTFILE_WRITE_03.00023: RPTFILE assertion" name="00002: Check for FILLER1"/>
    <testcase classname="D2.CWXTCOB23_Scenario.00001: CWXTCOB2Case1.CWXTCOB2_RPTFILE_WRITE_03.00023: RPTFILE assertion" name="00003: Check for FILLER2"/>
    <testcase classname="D2.CWXTCOB23_Scenario.00001: CWXTCOB2Case1.CWXTCOB2_RPTFILE_WRITE_03.00023: RPTFILE assertion" name="00004: Check for FILLER3"/>
    <testcase classname="D2.CWXTCOB23_Scenario.00001: CWXTCOB2Case1.CWXTCOB2_RPTFILE_WRITE_03.00023: RPTFILE assertion" name="00005: Check for FILLER4"/>
    <testcase classname="D2.CWXTCOB23_Scenario.00001: CWXTCOB2Case1.CWXTCOB2_RPTFILE_WRITE_03.00023: RPTFILE assertion" name="00006: Check for FILLER5"/>
    <testcase classname="D2.CWXTCOB23_Scenario.00001: CWXTCOB2Case1.CWXTCOB2_RPTFILE_WRITE_03.00023: RPTFILE assertion" name="00007: Check for FILLER6"/>
    <testcase classname="D2.CWXTCOB23_Scenario.00001: CWXTCOB2Case1.CWXTCOB2_RPTFILE_WRITE_03.00023: RPTFILE assertion" name="00008: Check for FILLER7"/>
    <testcase classname="D2.CWXTCOB23_Scenario.00001: CWXTCOB2Case1.CWXTCOB2_RPTFILE_WRITE_03.00023: RPTFILE assertion" name="00009: Check for FILLER8"/>
    <testcase classname="D2.CWXTCOB23_Scenario.00001: CWXTCOB2Case1.CWXTCOB2_RPTFILE_WRITE_03.00023: RPTFILE assertion" name="00010: Check for FILLER9"/>
    <testcase classname="D2.CWXTCOB23_Scenario.00001: CWXTCOB2Case1.CWXTCOB2_RPTFILE_WRITE_03.00023: RPTFILE assertion" name="00011: Check for FILLER10"/>
    <testcase classname="D2.CWXTCOB23_Scenario.00001: CWXTCOB2Case1.CWXTCOB2_RPTFILE_WRITE_03.00023: RPTFILE assertion" name="00012: Check for FILLER11"/>
    <testcase classname="D2.CWXTCOB23_Scenario.00001: CWXTCOB2Case1.CWXTCOB2_RPTFILE_WRITE_03.00023: RPTFILE assertion" name="00013: Check for FILLER12"/>
  </testsuite>
  <testsuite errors="0" failures="0" name="D2.CWXTCOB23_Scenario.00001: CWXTCOB2Case1.CWXTCOB2_RPTFILE_WRITE_03.00024: RPTFILE assertion" tests="124">
    <testcase classname="D2.CWXTCOB23_Scenario.00001: CWXTCOB2Case1.CWXTCOB2_RPTFILE_WRITE_03.00024: RPTFILE assertion" name="00001: Check for BLANK_LINE"/>
  </testsuite>
  <testsuite errors="0" failures="0" name="D2.CWXTCOB23_Scenario.00001: CWXTCOB2Case1.CWXTCOB2_RPTFILE_WRITE_03.00025: RPTFILE assertion" tests="138">
    <testcase classname="D2.CWXTCOB23_Scenario.00001: CWXTCOB2Case1.CWXTCOB2_RPTFILE_WRITE_03.00025: RPTFILE assertion" name="00001: Check for FILLER0"/>
    <testcase classname="D2.CWXTCOB23_Scenario.00001: CWXTCOB2Case1.CWXTCOB2_RPTFILE_WRITE_03.00025: RPTFILE assertion" name="00002: Check for REG_DTL_MANAGER"/>
    <testcase classname="D2.CWXTCOB23_Scenario.00001: CWXTCOB2Case1.CWXTCOB2_RPTFILE_WRITE_03.00025: RPTFILE assertion" name="00003: Check for FILLER1"/>
    <testcase classname="D2.CWXTCOB23_Scenario.00001: CWXTCOB2Case1.CWXTCOB2_RPTFILE_WRITE_03.00025: RPTFILE assertion" name="00004: Check for REG_DTL_REGION"/>
    <testcase classname="D2.CWXTCOB23_Scenario.00001: CWXTCOB2Case1.CWXTCOB2_RPTFILE_WRITE_03.00025: RPTFILE assertion" name="00005: Check for FILLER2"/>
    <testcase classname="D2.CWXTCOB23_Scenario.00001: CWXTCOB2Case1.CWXTCOB2_RPTFILE_WRITE_03.00025: RPTFILE assertion" name="00006: Check for REG_DTL_SALES"/>
    <testcase classname="D2.CWXTCOB23_Scenario.00001: CWXTCOB2Case1.CWXTCOB2_RPTFILE_WRITE_03.00025: RPTFILE assertion" name="00007: Check for FILLER3"/>
    <testcase classname="D2.CWXTCOB23_Scenario.00001: CWXTCOB2Case1.CWXTCOB2_RPTFILE_WRITE_03.00025: RPTFILE assertion" name="00008: Check for REG_DTL_SALARY"/>
    <testcase classname="D2.CWXTCOB23_Scenario.00001: CWXTCOB2Case1.CWXTCOB2_RPTFILE_WRITE_03.00025: RPTFILE assertion" name="00009: Check for FILLER4"/>
    <testcase classname="D2.CWXTCOB23_Scenario.00001: CWXTCOB2Case1.CWXTCOB2_RPTFILE_WRITE_03.00025: RPTFILE assertion" name="00010: Check for REG_DTL_COMM"/>
    <testcase classname="D2.CWXTCOB23_Scenario.00001: CWXTCOB2Case1.CWXTCOB2_RPTFILE_WRITE_03.00025: RPTFILE assertion" name="00011: Check for FILLER5"/>
    <testcase classname="D2.CWXTCOB23_Scenario.00001: CWXTCOB2Case1.CWXTCOB2_RPTFILE_WRITE_03.00025: RPTFILE assertion" name="00012: Check for REG_DTL_TOTAL"/>
    <testcase classname="D2.CWXTCOB23_Scenario.00001: CWXTCOB2Case1.CWXTCOB2_RPTFILE_WRITE_03.00025: RPTFILE assertion" name="00013: Check for FILLER6"/>
    <testcase classname="D2.CWXTCOB23_Scenario.00001: CWXTCOB2Case1.CWXTCOB2_RPTFILE_WRITE_03.00025: RPTFILE assertion" name="00014: Check for REG_DTL_COMMENT"/>
  </testsuite>
  <testsuite errors="0" failures="0" name="D2.CWXTCOB23_Scenario.00001: CWXTCOB2Case1.CWXTCOB2_RPTFILE_WRITE_03.00026: RPTFILE assertion" tests="152">
    <testcase classname="D2.CWXTCOB23_Scenario.00001: CWXTCOB2Case1.CWXTCOB2_RPTFILE_WRITE_03.00026: RPTFILE assertion" name="00001: Check for FILLER0"/>
    <testcase classname="D2.CWXTCOB23_Scenario.00001: CWXTCOB2Case1.CWXTCOB2_RPTFILE_WRITE_03.00026: RPTFILE assertion" name="00002: Check for REG_DTL_MANAGER"/>
    <testcase classname="D2.CWXTCOB23_Scenario.00001: CWXTCOB2Case1.CWXTCOB2_RPTFILE_WRITE_03.00026: RPTFILE assertion" name="00003: Check for FILLER1"/>
    <testcase classname="D2.CWXTCOB23_Scenario.00001: CWXTCOB2Case1.CWXTCOB2_RPTFILE_WRITE_03.00026: RPTFILE assertion" name="00004: Check for REG_DTL_REGION"/>
    <testcase classname="D2.CWXTCOB23_Scenario.00001: CWXTCOB2Case1.CWXTCOB2_RPTFILE_WRITE_03.00026: RPTFILE assertion" name="00005: Check for FILLER2"/>
    <testcase classname="D2.CWXTCOB23_Scenario.00001: CWXTCOB2Case1.CWXTCOB2_RPTFILE_WRITE_03.00026: RPTFILE assertion" name="00006: Check for REG_DTL_SALES"/>
    <testcase classname="D2.CWXTCOB23_Scenario.00001: CWXTCOB2Case1.CWXTCOB2_RPTFILE_WRITE_03.00026: RPTFILE assertion" name="00007: Check for FILLER3"/>
    <testcase classname="D2.CWXTCOB23_Scenario.00001: CWXTCOB2Case1.CWXTCOB2_RPTFILE_WRITE_03.00026: RPTFILE assertion" name="00008: Check for REG_DTL_SALARY"/>
    <testcase classname="D2.CWXTCOB23_Scenario.00001: CWXTCOB2Case1.CWXTCOB2_RPTFILE_WRITE_03.00026: RPTFILE assertion" name="00009: Check for FILLER4"/>
    <testcase classname="D2.CWXTCOB23_Scenario.00001: CWXTCOB2Case1.CWXTCOB2_RPTFILE_WRITE_03.00026: RPTFILE assertion" name="00010: Check for REG_DTL_COMM"/>
    <testcase classname="D2.CWXTCOB23_Scenario.00001: CWXTCOB2Case1.CWXTCOB2_RPTFILE_WRITE_03.00026: RPTFILE assertion" name="00011: Check for FILLER5"/>
    <testcase classname="D2.CWXTCOB23_Scenario.00001: CWXTCOB2Case1.CWXTCOB2_RPTFILE_WRITE_03.00026: RPTFILE assertion" name="00012: Check for REG_DTL_TOTAL"/>
    <testcase classname="D2.CWXTCOB23_Scenario.00001: CWXTCOB2Case1.CWXTCOB2_RPTFILE_WRITE_03.00026: RPTFILE assertion" name="00013: Check for FILLER6"/>
    <testcase classname="D2.CWXTCOB23_Scenario.00001: CWXTCOB2Case1.CWXTCOB2_RPTFILE_WRITE_03.00026: RPTFILE assertion" name="00014: Check for REG_DTL_COMMENT"/>
  </testsuite>
  <testsuite errors="0" failures="0" name="D2.CWXTCOB23_Scenario.00001: CWXTCOB2Case1.CWXTCOB2_RPTFILE_WRITE_03.00027: RPTFILE assertion" tests="166">
    <testcase classname="D2.CWXTCOB23_Scenario.00001: CWXTCOB2Case1.CWXTCOB2_RPTFILE_WRITE_03.00027: RPTFILE assertion" name="00001: Check for FILLER0"/>
    <testcase classname="D2.CWXTCOB23_Scenario.00001: CWXTCOB2Case1.CWXTCOB2_RPTFILE_WRITE_03.00027: RPTFILE assertion" name="00002: Check for REG_DTL_MANAGER"/>
    <testcase classname="D2.CWXTCOB23_Scenario.00001: CWXTCOB2Case1.CWXTCOB2_RPTFILE_WRITE_03.00027: RPTFILE assertion" name="00003: Check for FILLER1"/>
    <testcase classname="D2.CWXTCOB23_Scenario.00001: CWXTCOB2Case1.CWXTCOB2_RPTFILE_WRITE_03.00027: RPTFILE assertion" name="00004: Check for REG_DTL_REGION"/>
    <testcase classname="D2.CWXTCOB23_Scenario.00001: CWXTCOB2Case1.CWXTCOB2_RPTFILE_WRITE_03.00027: RPTFILE assertion" name="00005: Check for FILLER2"/>
    <testcase classname="D2.CWXTCOB23_Scenario.00001: CWXTCOB2Case1.CWXTCOB2_RPTFILE_WRITE_03.00027: RPTFILE assertion" name="00006: Check for REG_DTL_SALES"/>
    <testcase classname="D2.CWXTCOB23_Scenario.00001: CWXTCOB2Case1.CWXTCOB2_RPTFILE_WRITE_03.00027: RPTFILE assertion" name="00007: Check for FILLER3"/>
    <testcase classname="D2.CWXTCOB23_Scenario.00001: CWXTCOB2Case1.CWXTCOB2_RPTFILE_WRITE_03.00027: RPTFILE assertion" name="00008: Check for REG_DTL_SALARY"/>
    <testcase classname="D2.CWXTCOB23_Scenario.00001: CWXTCOB2Case1.CWXTCOB2_RPTFILE_WRITE_03.00027: RPTFILE assertion" name="00009: Check for FILLER4"/>
    <testcase classname="D2.CWXTCOB23_Scenario.00001: CWXTCOB2Case1.CWXTCOB2_RPTFILE_WRITE_03.00027: RPTFILE assertion" name="00010: Check for REG_DTL_COMM"/>
    <testcase classname="D2.CWXTCOB23_Scenario.00001: CWXTCOB2Case1.CWXTCOB2_RPTFILE_WRITE_03.00027: RPTFILE assertion" name="00011: Check for FILLER5"/>
    <testcase classname="D2.CWXTCOB23_Scenario.00001: CWXTCOB2Case1.CWXTCOB2_RPTFILE_WRITE_03.00027: RPTFILE assertion" name="00012: Check for REG_DTL_TOTAL"/>
    <testcase classname="D2.CWXTCOB23_Scenario.00001: CWXTCOB2Case1.CWXTCOB2_RPTFILE_WRITE_03.00027: RPTFILE assertion" name="00013: Check for FILLER6"/>
    <testcase classname="D2.CWXTCOB23_Scenario.00001: CWXTCOB2Case1.CWXTCOB2_RPTFILE_WRITE_03.00027: RPTFILE assertion" name="00014: Check for REG_DTL_COMMENT"/>
  </testsuite>
  <testsuite errors="0" failures="0" name="D2.CWXTCOB23_Scenario.00001: CWXTCOB2Case1.CWXTCOB2_RPTFILE_WRITE_03.00028: RPTFILE assertion" tests="180">
    <testcase classname="D2.CWXTCOB23_Scenario.00001: CWXTCOB2Case1.CWXTCOB2_RPTFILE_WRITE_03.00028: RPTFILE assertion" name="00001: Check for FILLER0"/>
    <testcase classname="D2.CWXTCOB23_Scenario.00001: CWXTCOB2Case1.CWXTCOB2_RPTFILE_WRITE_03.00028: RPTFILE assertion" name="00002: Check for REG_DTL_MANAGER"/>
    <testcase classname="D2.CWXTCOB23_Scenario.00001: CWXTCOB2Case1.CWXTCOB2_RPTFILE_WRITE_03.00028: RPTFILE assertion" name="00003: Check for FILLER1"/>
    <testcase classname="D2.CWXTCOB23_Scenario.00001: CWXTCOB2Case1.CWXTCOB2_RPTFILE_WRITE_03.00028: RPTFILE assertion" name="00004: Check for REG_DTL_REGION"/>
    <testcase classname="D2.CWXTCOB23_Scenario.00001: CWXTCOB2Case1.CWXTCOB2_RPTFILE_WRITE_03.00028: RPTFILE assertion" name="00005: Check for FILLER2"/>
    <testcase classname="D2.CWXTCOB23_Scenario.00001: CWXTCOB2Case1.CWXTCOB2_RPTFILE_WRITE_03.00028: RPTFILE assertion" name="00006: Check for REG_DTL_SALES"/>
    <testcase classname="D2.CWXTCOB23_Scenario.00001: CWXTCOB2Case1.CWXTCOB2_RPTFILE_WRITE_03.00028: RPTFILE assertion" name="00007: Check for FILLER3"/>
    <testcase classname="D2.CWXTCOB23_Scenario.00001: CWXTCOB2Case1.CWXTCOB2_RPTFILE_WRITE_03.00028: RPTFILE assertion" name="00008: Check for REG_DTL_SALARY"/>
    <testcase classname="D2.CWXTCOB23_Scenario.00001: CWXTCOB2Case1.CWXTCOB2_RPTFILE_WRITE_03.00028: RPTFILE assertion" name="00009: Check for FILLER4"/>
    <testcase classname="D2.CWXTCOB23_Scenario.00001: CWXTCOB2Case1.CWXTCOB2_RPTFILE_WRITE_03.00028: RPTFILE assertion" name="00010: Check for REG_DTL_COMM"/>
    <testcase classname="D2.CWXTCOB23_Scenario.00001: CWXTCOB2Case1.CWXTCOB2_RPTFILE_WRITE_03.00028: RPTFILE assertion" name="00011: Check for FILLER5"/>
    <testcase classname="D2.CWXTCOB23_Scenario.00001: CWXTCOB2Case1.CWXTCOB2_RPTFILE_WRITE_03.00028: RPTFILE assertion" name="00012: Check for REG_DTL_TOTAL"/>
    <testcase classname="D2.CWXTCOB23_Scenario.00001: CWXTCOB2Case1.CWXTCOB2_RPTFILE_WRITE_03.00028: RPTFILE assertion" name="00013: Check for FILLER6"/>
    <testcase classname="D2.CWXTCOB23_Scenario.00001: CWXTCOB2Case1.CWXTCOB2_RPTFILE_WRITE_03.00028: RPTFILE assertion" name="00014: Check for REG_DTL_COMMENT"/>
  </testsuite>
  <testsuite errors="0" failures="0" name="D2.CWXTCOB23_Scenario.00001: CWXTCOB2Case1.CWXTCOB2_RPTFILE_WRITE_03.00029: RPTFILE assertion" tests="181">
    <testcase classname="D2.CWXTCOB23_Scenario.00001: CWXTCOB2Case1.CWXTCOB2_RPTFILE_WRITE_03.00029: RPTFILE assertion" name="00001: Check for BLANK_LINE"/>
  </testsuite>
  <testsuite errors="0" failures="1" name="D2.CWXTCOB23_Scenario.00001: CWXTCOB2Case1.CWXTCOB2_RPTFILE_WRITE_03.00030: RPTFILE assertion" tests="186">
    <testcase classname="D2.CWXTCOB23_Scenario.00001: CWXTCOB2Case1.CWXTCOB2_RPTFILE_WRITE_03.00030: RPTFILE assertion" name="00001: Check for FILLER0"/>
    <testcase classname="D2.CWXTCOB23_Scenario.00001: CWXTCOB2Case1.CWXTCOB2_RPTFILE_WRITE_03.00030: RPTFILE assertion" name="00002: Check for FILLER1"/>
    <testcase classname="D2.CWXTCOB23_Scenario.00001: CWXTCOB2Case1.CWXTCOB2_RPTFILE_WRITE_03.00030: RPTFILE assertion" name="00003: Check for FILLER2"/>
    <testcase classname="D2.CWXTCOB23_Scenario.00001: CWXTCOB2Case1.CWXTCOB2_RPTFILE_WRITE_03.00030: RPTFILE assertion" name="00004: Check for MGMT_GRAND_TOTAL">
      <failure>Check for MGMT_GRAND_TOTAL failed

Actual Value:    55.30

Expected Value:  65.30</failure>
    </testcase>
    <testcase classname="D2.CWXTCOB23_Scenario.00001: CWXTCOB2Case1.CWXTCOB2_RPTFILE_WRITE_03.00030: RPTFILE assertion" name="00005: Check for FILLER3"/>
  </testsuite>
</testsuites>